<?xml version="1.0" encoding="UTF-8"?>
<!-- Generated by org.testng.reporters.JUnitReportReporter -->
<testsuite hostname="BINTERNS-QA25L" failures="0" tests="11" name="test.New_Cars_Drop_Down_Test" time="133.661" errors="0" timestamp="2023-05-29T14:19:14 IST" skipped="0">
  <testcase classname="test.New_Cars_Drop_Down_Test" name="New_Cars_Drop_Down_Text" time="0.075"/>
  <system-out/>
  <testcase classname="test.New_Cars_Drop_Down_Test" name="Latest_Cars_Avability" time="12.391"/>
  <system-out/>
  <testcase classname="test.New_Cars_Drop_Down_Test" name="New_Cars_By_Brand" time="12.748"/>
  <system-out/>
  <testcase classname="test.New_Cars_Drop_Down_Test" name="New_Cars_Price_Range" time="13.382"/>
  <system-out/>
  <testcase classname="test.New_Cars_Drop_Down_Test" name="New_Cars_By_Fuel_Type" time="16.115"/>
  <system-out/>
  <testcase classname="test.New_Cars_Drop_Down_Test" name="New_Cars_By_Transmission_Type" time="15.640"/>
  <system-out/>
  <testcase classname="test.New_Cars_Drop_Down_Test" name="New_Cars_By_Popularity" time="9.586"/>
  <system-out/>
  <testcase classname="test.New_Cars_Drop_Down_Test" name="New_Cars_Low_To_High_Price" time="11.514"/>
  <system-out/>
  <testcase classname="test.New_Cars_Drop_Down_Test" name="New_Cars_High_To_Low_Price" time="11.483"/>
  <system-out/>
  <testcase classname="test.New_Cars_Drop_Down_Test" name="New_Cars_By_Seating_Capacity" time="15.348"/>
  <system-out/>
  <testcase classname="test.New_Cars_Drop_Down_Test" name="New_Cars_By_Safety_Rarings" time="15.379"/>
  <system-out/>
</testsuite> <!-- test.New_Cars_Drop_Down_Test -->
